<html>
<head>
<title>TestNG:  Test</title>
<link href="../testng.css" rel="stylesheet" type="text/css" />
<link href="../my-testng.css" rel="stylesheet" type="text/css" />

<style type="text/css">
.log { display: none;} 
.stack-trace { display: none;} 
</style>
<script type="text/javascript">
<!--
function flip(e) {
  current = e.style.display;
  if (current == 'block') {
    e.style.display = 'none';
    return 0;
  }
  else {
    e.style.display = 'block';
    return 1;
  }
}

function toggleBox(szDivId, elem, msg1, msg2)
{
  var res = -1;  if (document.getElementById) {
    res = flip(document.getElementById(szDivId));
  }
  else if (document.all) {
    // this is the way old msie versions work
    res = flip(document.all[szDivId]);
  }
  if(elem) {
    if(res == 0) elem.innerHTML = msg1; else elem.innerHTML = msg2;
  }

}

function toggleAllBoxes() {
  if (document.getElementsByTagName) {
    d = document.getElementsByTagName('div');
    for (i = 0; i < d.length; i++) {
      if (d[i].className == 'log') {
        flip(d[i]);
      }
    }
  }
}

// -->
</script>

</head>
<body>
<h2 align='center'>Test</h2><table border='1' align="center">
<tr>
<td>Tests passed/Failed/Skipped:</td><td>7/1/0</td>
</tr><tr>
<td>Started on:</td><td>Wed Aug 06 21:37:01 CST 2014</td>
</tr>
<tr><td>Total time:</td><td>64 seconds (64541 ms)</td>
</tr><tr>
<td>Included groups:</td><td></td>
</tr><tr>
<td>Excluded groups:</td><td></td>
</tr>
</table><p/>
<small><i>(Hover the method name to see the test class name)</i></small><p/>
<table width='100%' border='1' class='invocation-failed'>
<tr><td colspan='4' align='center'><b>FAILED TESTS</b></td></tr>
<tr><td><b>Test method</b></td>
<td width="30%"><b>Exception</b></td>
<td width="10%"><b>Time (seconds)</b></td>
<td><b>Instance</b></td>
</tr>
<tr>
<td title='sb.wd.test.CompleteFlowTestCase.testCompleteFlowTestCase()'><b>testCompleteFlowTestCase</b><br>Test class: sb.wd.test.CompleteFlowTestCase<br>Parameters: SpiritBreakerTeam, #spirit123</td>
<td><div><pre>org.openqa.selenium.NoSuchElementException: Unable to locate element: {&quot;method&quot;:&quot;id&quot;,&quot;selector&quot;:&quot;ctl00_LoginView_LoginLink&quot;}
Command duration or timeout: 30.03 seconds
For documentation on this error, please visit: http://seleniumhq.org/exceptions/no_such_element.html
Build info: version: &apos;2.42.2&apos;, revision: &apos;6a6995d&apos;, time: &apos;2014-06-03 17:42:30&apos;
System info: host: &apos;JuanCarlosArce&apos;, ip: &apos;192.168.43.86&apos;, os.name: &apos;Windows 8&apos;, os.arch: &apos;amd64&apos;, os.version: &apos;6.2&apos;, java.version: &apos;1.7.0_25&apos;
Session ID: b6549ba4-ecee-4ce2-b9e2-d6afa4b020d4
Driver info: org.openqa.selenium.firefox.FirefoxDriver
Capabilities [{platform=XP, acceptSslCerts=true, javascriptEnabled=true, cssSelectorsEnabled=true, databaseEnabled=true, browserName=firefox, handlesAlerts=true, browserConnectionEnabled=true, webStorageEnabled=true, nativeEvents=false, rotatable=false, locationContextEnabled=true, applicationCacheEnabled=true, takesScreenshot=true, version=30.0}]
	at org.openqa.selenium.remote.ErrorHandler.createThrowable(ErrorHandler.java:204)
	at org.openqa.selenium.remote.ErrorHandler.throwIfResponseFailed(ErrorHandler.java:156)
	at org.openqa.selenium.remote.RemoteWebDriver.execute(RemoteWebDriver.java:599)
	at org.openqa.selenium.remote.RemoteWebDriver.findElement(RemoteWebDriver.java:352)
	at org.openqa.selenium.remote.RemoteWebDriver.findElementById(RemoteWebDriver.java:393)
	at org.openqa.selenium.By$ById.findElement(By.java:214)
	at org.openqa.selenium.remote.RemoteWebDriver.findElement(RemoteWebDriver.java:344)
	at org.openqa.selenium.support.pagefactory.DefaultElementLocator.findElement(DefaultElementLocator.java:59)
	at org.openqa.selenium.support.pagefactory.internal.LocatingElementHandler.invoke(LocatingElementHandler.java:34)
	at com.sun.proxy.$Proxy11.click(Unknown Source)
	at sb.wd.page.HomePage.goLogin(HomePage.java:162)
	at sb.wd.test.CompleteFlowTestCase.testCompleteFlowTestCase(CompleteFlowTestCase.java:38)
	at java.util.concurrent.ThreadPoolExecutor.runWorker(Unknown Source)
	at java.util.concurrent.ThreadPoolExecutor$Worker.run(Unknown Source)
	at java.lang.Thread.run(Unknown Source)
Caused by: org.openqa.selenium.remote.ErrorHandler$UnknownServerException: Unable to locate element: {&quot;method&quot;:&quot;id&quot;,&quot;selector&quot;:&quot;ctl00_LoginView_LoginLink&quot;}
Build info: version: &apos;2.42.2&apos;, revision: &apos;6a6995d&apos;, time: &apos;2014-06-03 17:42:30&apos;
System info: host: &apos;JuanCarlosArce&apos;, ip: &apos;192.168.43.86&apos;, os.name: &apos;Windows 8&apos;, os.arch: &apos;amd64&apos;, os.version: &apos;6.2&apos;, java.version: &apos;1.7.0_25&apos;
Driver info: driver.version: unknown
	at &lt;anonymous class&gt;.FirefoxDriver.prototype.findElementInternal_(file:///C:/Users/JUANCA~1/AppData/Local/Temp/anonymous4665677488891844355webdriver-profile/extensions/fxdriver@googlecode.com/components/driver_component.js:9470:7)
	at &lt;anonymous class&gt;.fxdriver.Timer.prototype.setTimeout/&lt;.notify(file:///C:/Users/JUANCA~1/AppData/Local/Temp/anonymous4665677488891844355webdriver-profile/extensions/fxdriver@googlecode.com/components/driver_component.js:407:5)
... Removed 14 stack frames</pre></div><a href='#' onClick='toggleBox("stack-trace1496464236", this, "Click to show all stack frames", "Click to hide stack frames")'>Click to show all stack frames</a>
<div class='stack-trace' id='stack-trace1496464236'><pre>org.openqa.selenium.NoSuchElementException: Unable to locate element: {&quot;method&quot;:&quot;id&quot;,&quot;selector&quot;:&quot;ctl00_LoginView_LoginLink&quot;}
Command duration or timeout: 30.03 seconds
For documentation on this error, please visit: http://seleniumhq.org/exceptions/no_such_element.html
Build info: version: &apos;2.42.2&apos;, revision: &apos;6a6995d&apos;, time: &apos;2014-06-03 17:42:30&apos;
System info: host: &apos;JuanCarlosArce&apos;, ip: &apos;192.168.43.86&apos;, os.name: &apos;Windows 8&apos;, os.arch: &apos;amd64&apos;, os.version: &apos;6.2&apos;, java.version: &apos;1.7.0_25&apos;
Session ID: b6549ba4-ecee-4ce2-b9e2-d6afa4b020d4
Driver info: org.openqa.selenium.firefox.FirefoxDriver
Capabilities [{platform=XP, acceptSslCerts=true, javascriptEnabled=true, cssSelectorsEnabled=true, databaseEnabled=true, browserName=firefox, handlesAlerts=true, browserConnectionEnabled=true, webStorageEnabled=true, nativeEvents=false, rotatable=false, locationContextEnabled=true, applicationCacheEnabled=true, takesScreenshot=true, version=30.0}]
	at sun.reflect.NativeConstructorAccessorImpl.newInstance0(Native Method)
	at sun.reflect.NativeConstructorAccessorImpl.newInstance(Unknown Source)
	at sun.reflect.DelegatingConstructorAccessorImpl.newInstance(Unknown Source)
	at java.lang.reflect.Constructor.newInstance(Unknown Source)
	at org.openqa.selenium.remote.ErrorHandler.createThrowable(ErrorHandler.java:204)
	at org.openqa.selenium.remote.ErrorHandler.throwIfResponseFailed(ErrorHandler.java:156)
	at org.openqa.selenium.remote.RemoteWebDriver.execute(RemoteWebDriver.java:599)
	at org.openqa.selenium.remote.RemoteWebDriver.findElement(RemoteWebDriver.java:352)
	at org.openqa.selenium.remote.RemoteWebDriver.findElementById(RemoteWebDriver.java:393)
	at org.openqa.selenium.By$ById.findElement(By.java:214)
	at org.openqa.selenium.remote.RemoteWebDriver.findElement(RemoteWebDriver.java:344)
	at org.openqa.selenium.support.pagefactory.DefaultElementLocator.findElement(DefaultElementLocator.java:59)
	at org.openqa.selenium.support.pagefactory.internal.LocatingElementHandler.invoke(LocatingElementHandler.java:34)
	at com.sun.proxy.$Proxy11.click(Unknown Source)
	at sb.wd.page.HomePage.goLogin(HomePage.java:162)
	at sb.wd.test.CompleteFlowTestCase.testCompleteFlowTestCase(CompleteFlowTestCase.java:38)
	at sun.reflect.NativeMethodAccessorImpl.invoke0(Native Method)
	at sun.reflect.NativeMethodAccessorImpl.invoke(Unknown Source)
	at sun.reflect.DelegatingMethodAccessorImpl.invoke(Unknown Source)
	at java.lang.reflect.Method.invoke(Unknown Source)
	at org.testng.internal.MethodInvocationHelper.invokeMethod(MethodInvocationHelper.java:84)
	at org.testng.internal.Invoker.invokeMethod(Invoker.java:714)
	at org.testng.internal.Invoker.invokeTestMethod(Invoker.java:901)
	at org.testng.internal.Invoker.invokeTestMethods(Invoker.java:1231)
	at org.testng.internal.TestMethodWorker.invokeTestMethods(TestMethodWorker.java:127)
	at org.testng.internal.TestMethodWorker.run(TestMethodWorker.java:111)
	at java.util.concurrent.ThreadPoolExecutor.runWorker(Unknown Source)
	at java.util.concurrent.ThreadPoolExecutor$Worker.run(Unknown Source)
	at java.lang.Thread.run(Unknown Source)
Caused by: org.openqa.selenium.remote.ErrorHandler$UnknownServerException: Unable to locate element: {&quot;method&quot;:&quot;id&quot;,&quot;selector&quot;:&quot;ctl00_LoginView_LoginLink&quot;}
Build info: version: &apos;2.42.2&apos;, revision: &apos;6a6995d&apos;, time: &apos;2014-06-03 17:42:30&apos;
System info: host: &apos;JuanCarlosArce&apos;, ip: &apos;192.168.43.86&apos;, os.name: &apos;Windows 8&apos;, os.arch: &apos;amd64&apos;, os.version: &apos;6.2&apos;, java.version: &apos;1.7.0_25&apos;
Driver info: driver.version: unknown
	at &lt;anonymous class&gt;.FirefoxDriver.prototype.findElementInternal_(file:///C:/Users/JUANCA~1/AppData/Local/Temp/anonymous4665677488891844355webdriver-profile/extensions/fxdriver@googlecode.com/components/driver_component.js:9470:7)
	at &lt;anonymous class&gt;.fxdriver.Timer.prototype.setTimeout/&lt;.notify(file:///C:/Users/JUANCA~1/AppData/Local/Temp/anonymous4665677488891844355webdriver-profile/extensions/fxdriver@googlecode.com/components/driver_component.js:407:5)
</pre></div></td>
<td>30</td>
<td>sb.wd.test.CompleteFlowTestCase@7c2999bb</td></tr>
</table><p>
<table width='100%' border='1' class='invocation-passed'>
<tr><td colspan='4' align='center'><b>PASSED TESTS</b></td></tr>
<tr><td><b>Test method</b></td>
<td width="30%"><b>Exception</b></td>
<td width="10%"><b>Time (seconds)</b></td>
<td><b>Instance</b></td>
</tr>
<tr>
<td title='sb.wd.test.BrowseAllCategoriesAndResearchTest.testBrowseAllCategoriesAndResearchTestCase()'><b>testBrowseAllCategoriesAndResearchTestCase</b><br>Test class: sb.wd.test.BrowseAllCategoriesAndResearchTest</td>
<td></td>
<td>4</td>
<td>sb.wd.test.BrowseAllCategoriesAndResearchTest@f2c03ac</td></tr>
<tr>
<td title='sb.wd.test.GoToAvanticaPageCopyrightTest.testGoToAvanticaPageCopyrightTestCase()'><b>testGoToAvanticaPageCopyrightTestCase</b><br>Test class: sb.wd.test.GoToAvanticaPageCopyrightTest</td>
<td></td>
<td>12</td>
<td>sb.wd.test.GoToAvanticaPageCopyrightTest@1c48fe36</td></tr>
<tr>
<td title='sb.wd.test.NavigateAllCategoriesTest.testNavigateAllCategoriesTestCase()'><b>testNavigateAllCategoriesTestCase</b><br>Test class: sb.wd.test.NavigateAllCategoriesTest</td>
<td></td>
<td>17</td>
<td>sb.wd.test.NavigateAllCategoriesTest@6d000502</td></tr>
<tr>
<td title='sb.wd.test.NavigateAllTabsTest.testNavigateAllTabs()'><b>testNavigateAllTabs</b><br>Test class: sb.wd.test.NavigateAllTabsTest<br>Parameters: SpiritBreakerTeam, #spirit123</td>
<td></td>
<td>9</td>
<td>sb.wd.test.NavigateAllTabsTest@5a538af7</td></tr>
<tr>
<td title='sb.wd.test.NavigateFooterLinksTest.testNavigateFooterLinksTestCase()'><b>testNavigateFooterLinksTestCase</b><br>Test class: sb.wd.test.NavigateFooterLinksTest<br>Parameters: SpiritBreakerTeam, #spirit123</td>
<td></td>
<td>6</td>
<td>sb.wd.test.NavigateFooterLinksTest@150b51f4</td></tr>
<tr>
<td title='sb.wd.test.SearchSectionTest.testSearchSectionTestCase()'><b>testSearchSectionTestCase</b><br>Test class: sb.wd.test.SearchSectionTest</td>
<td></td>
<td>3</td>
<td>sb.wd.test.SearchSectionTest@12a518fc</td></tr>
<tr>
<td title='sb.wd.test.WhatsNewSelectingTest.testWhatsNewSelectingTestCase()'><b>testWhatsNewSelectingTestCase</b><br>Test class: sb.wd.test.WhatsNewSelectingTest</td>
<td></td>
<td>0</td>
<td>sb.wd.test.WhatsNewSelectingTest@77dbc064</td></tr>
</table><p>
</body>
</html>