<?xml version="1.0" encoding="UTF-8"?>
<!-- Generated by org.testng.reporters.JUnitXMLReporter -->
<testsuite hostname="JuanCarlosArce" name="Test" tests="8" failures="1" timestamp="7 Aug 2014 03:38:05 GMT" time="64.541" errors="0">
  <testcase name="testBrowseAllCategoriesAndResearchTestCase" time="4.168" classname="sb.wd.test.BrowseAllCategoriesAndResearchTest"/>
  <testcase name="testGoToAvanticaPageCopyrightTestCase" time="12.447" classname="sb.wd.test.GoToAvanticaPageCopyrightTest"/>
  <testcase name="testNavigateAllCategoriesTestCase" time="17.211" classname="sb.wd.test.NavigateAllCategoriesTest"/>
  <testcase name="testNavigateAllTabs" time="9.511" classname="sb.wd.test.NavigateAllTabsTest"/>
  <testcase name="testNavigateFooterLinksTestCase" time="6.902" classname="sb.wd.test.NavigateFooterLinksTest"/>
  <testcase name="testCompleteFlowTestCase" time="30.071" classname="sb.wd.test.CompleteFlowTestCase">
    <failure type="org.openqa.selenium.NoSuchElementException" message="Unable to locate element: {&amp;quot;method&amp;quot;:&amp;quot;id&amp;quot;,&amp;quot;selector&amp;quot;:&amp;quot;ctl00_LoginView_LoginLink&amp;quot;}
Command duration or timeout: 30.03 seconds
For documentation on this error, please visit: http://seleniumhq.org/exceptions/no_such_element.html
Build info: version: &amp;apos;2.42.2&amp;apos;, revision: &amp;apos;6a6995d&amp;apos;, time: &amp;apos;2014-06-03 17:42:30&amp;apos;
System info: host: &amp;apos;JuanCarlosArce&amp;apos;, ip: &amp;apos;192.168.43.86&amp;apos;, os.name: &amp;apos;Windows 8&amp;apos;, os.arch: &amp;apos;amd64&amp;apos;, os.version: &amp;apos;6.2&amp;apos;, java.version: &amp;apos;1.7.0_25&amp;apos;
Session ID: b6549ba4-ecee-4ce2-b9e2-d6afa4b020d4
Driver info: org.openqa.selenium.firefox.FirefoxDriver
Capabilities [{platform=XP, acceptSslCerts=true, javascriptEnabled=true, cssSelectorsEnabled=true, databaseEnabled=true, browserName=firefox, handlesAlerts=true, browserConnectionEnabled=true, webStorageEnabled=true, nativeEvents=false, rotatable=false, locationContextEnabled=true, applicationCacheEnabled=true, takesScreenshot=true, version=30.0}]">
      <![CDATA[org.openqa.selenium.NoSuchElementException: Unable to locate element: {"method":"id","selector":"ctl00_LoginView_LoginLink"}
Command duration or timeout: 30.03 seconds
For documentation on this error, please visit: http://seleniumhq.org/exceptions/no_such_element.html
Build info: version: '2.42.2', revision: '6a6995d', time: '2014-06-03 17:42:30'
System info: host: 'JuanCarlosArce', ip: '192.168.43.86', os.name: 'Windows 8', os.arch: 'amd64', os.version: '6.2', java.version: '1.7.0_25'
Session ID: b6549ba4-ecee-4ce2-b9e2-d6afa4b020d4
Driver info: org.openqa.selenium.firefox.FirefoxDriver
Capabilities [{platform=XP, acceptSslCerts=true, javascriptEnabled=true, cssSelectorsEnabled=true, databaseEnabled=true, browserName=firefox, handlesAlerts=true, browserConnectionEnabled=true, webStorageEnabled=true, nativeEvents=false, rotatable=false, locationContextEnabled=true, applicationCacheEnabled=true, takesScreenshot=true, version=30.0}]
	at org.openqa.selenium.remote.ErrorHandler.createThrowable(ErrorHandler.java:204)
	at org.openqa.selenium.remote.ErrorHandler.throwIfResponseFailed(ErrorHandler.java:156)
	at org.openqa.selenium.remote.RemoteWebDriver.execute(RemoteWebDriver.java:599)
	at org.openqa.selenium.remote.RemoteWebDriver.findElement(RemoteWebDriver.java:352)
	at org.openqa.selenium.remote.RemoteWebDriver.findElementById(RemoteWebDriver.java:393)
	at org.openqa.selenium.By$ById.findElement(By.java:214)
	at org.openqa.selenium.remote.RemoteWebDriver.findElement(RemoteWebDriver.java:344)
	at org.openqa.selenium.support.pagefactory.DefaultElementLocator.findElement(DefaultElementLocator.java:59)
	at org.openqa.selenium.support.pagefactory.internal.LocatingElementHandler.invoke(LocatingElementHandler.java:34)
	at com.sun.proxy.$Proxy11.click(Unknown Source)
	at sb.wd.page.HomePage.goLogin(HomePage.java:162)
	at sb.wd.test.CompleteFlowTestCase.testCompleteFlowTestCase(CompleteFlowTestCase.java:38)
	at java.util.concurrent.ThreadPoolExecutor.runWorker(Unknown Source)
	at java.util.concurrent.ThreadPoolExecutor$Worker.run(Unknown Source)
	at java.lang.Thread.run(Unknown Source)
Caused by: org.openqa.selenium.remote.ErrorHandler$UnknownServerException: Unable to locate element: {"method":"id","selector":"ctl00_LoginView_LoginLink"}
Build info: version: '2.42.2', revision: '6a6995d', time: '2014-06-03 17:42:30'
System info: host: 'JuanCarlosArce', ip: '192.168.43.86', os.name: 'Windows 8', os.arch: 'amd64', os.version: '6.2', java.version: '1.7.0_25'
Driver info: driver.version: unknown
	at <anonymous class>.FirefoxDriver.prototype.findElementInternal_(file:///C:/Users/JUANCA~1/AppData/Local/Temp/anonymous4665677488891844355webdriver-profile/extensions/fxdriver@googlecode.com/components/driver_component.js:9470:7)
	at <anonymous class>.fxdriver.Timer.prototype.setTimeout/<.notify(file:///C:/Users/JUANCA~1/AppData/Local/Temp/anonymous4665677488891844355webdriver-profile/extensions/fxdriver@googlecode.com/components/driver_component.js:407:5)
... Removed 14 stack frames]]>
    </failure>
  </testcase> <!-- testCompleteFlowTestCase -->
  <testcase name="testSearchSectionTestCase" time="3.97" classname="sb.wd.test.SearchSectionTest"/>
  <testcase name="testWhatsNewSelectingTestCase" time="0.987" classname="sb.wd.test.WhatsNewSelectingTest"/>
</testsuite> <!-- Test -->
